<?xml version="1.0" encoding="UTF-8"?>
<testng-results ignored="0" total="2" passed="2" failed="0" skipped="0">
  <reporter-output>
  </reporter-output>
  <suite started-at="2026-01-29T08:48:36 ICT" name="Surefire suite" finished-at="2026-01-29T08:48:59 ICT" duration-ms="22488">
    <groups>
      <group name="cucumber">
        <method signature="AbstractTestNGCucumberTests.runScenario(io.cucumber.testng.PickleWrapper,io.cucumber.testng.FeatureWrapper)[pri:0, instance:runners.TestRunner@6e6f2380]" name="runScenario" class="io.cucumber.testng.AbstractTestNGCucumberTests"/>
      </group> <!-- cucumber -->
    </groups>
    <test started-at="2026-01-29T08:48:36 ICT" name="Surefire test" finished-at="2026-01-29T08:48:59 ICT" duration-ms="22488">
      <class name="runners.TestRunner">
        <test-method is-config="true" signature="setUpClass(org.testng.ITestContext)[pri:0, instance:runners.TestRunner@6e6f2380]" started-at="2026-01-29T08:48:36 ICT" name="setUpClass" finished-at="2026-01-29T08:48:36 ICT" duration-ms="169" status="PASS">
          <params>
            <param index="0">
              <value>
                <![CDATA[org.testng.TestRunner@537451d5]]>
              </value>
            </param>
          </params>
          <reporter-output>
          </reporter-output>
        </test-method> <!-- setUpClass -->
        <test-method signature="runScenario(io.cucumber.testng.PickleWrapper,io.cucumber.testng.FeatureWrapper)[pri:0, instance:runners.TestRunner@6e6f2380]" started-at="2026-01-29T08:48:36 ICT" name="runScenario" description="Runs Cucumber Scenarios" data-provider="scenarios" finished-at="2026-01-29T08:48:49 ICT" duration-ms="12766" status="PASS">
          <params>
            <param index="0">
              <value>
                <![CDATA["Create new employee with valid payload"]]>
              </value>
            </param>
            <param index="1">
              <value>
                <![CDATA["PIM API"]]>
              </value>
            </param>
          </params>
          <reporter-output>
          </reporter-output>
        </test-method> <!-- runScenario -->
        <test-method signature="runScenario(io.cucumber.testng.PickleWrapper,io.cucumber.testng.FeatureWrapper)[pri:0, instance:runners.TestRunner@6e6f2380]" started-at="2026-01-29T08:48:49 ICT" name="runScenario" description="Runs Cucumber Scenarios" data-provider="scenarios" finished-at="2026-01-29T08:48:59 ICT" duration-ms="9516" status="PASS">
          <params>
            <param index="0">
              <value>
                <![CDATA["User get employees list in dashboard"]]>
              </value>
            </param>
            <param index="1">
              <value>
                <![CDATA["PIM API"]]>
              </value>
            </param>
          </params>
          <reporter-output>
          </reporter-output>
        </test-method> <!-- runScenario -->
        <test-method is-config="true" signature="tearDownClass()[pri:0, instance:runners.TestRunner@6e6f2380]" started-at="2026-01-29T08:48:59 ICT" name="tearDownClass" finished-at="2026-01-29T08:48:59 ICT" duration-ms="1" status="PASS">
          <reporter-output>
          </reporter-output>
        </test-method> <!-- tearDownClass -->
      </class> <!-- runners.TestRunner -->
    </test> <!-- Surefire test -->
  </suite> <!-- Surefire suite -->
</testng-results>
